# JRE version: OpenJDK Runtime Environment (18.0.1.1+2) (build 18.0.1.1+2-6)
# Java VM: OpenJDK 64-Bit Server VM (18.0.1.1+2-6, mixed mode, emulated-client, sharing, tiered, compressed oops, compressed class ptrs, g1 gc, windows-amd64)
GC Precious Log:
 CardTable entry size: 512
 Card Set container configuration: InlinePtr #cards 5 size 8 Array Of Cards #cards 12 size 40 Howl #buckets 4 coarsen threshold 1843 Howl Bitmap #cards 512 size 80 coarsen threshold 460 Card regions per heap region 1 cards per card region 2048
 CPUs: 8 total, 8 available
 Memory: 8099M
 Large Page Support: Disabled
 NUMA Support: Disabled
 Compressed Oops: Enabled (32-bit)
 Heap Region Size: 1M
 Heap Min Capacity: 8M
 Heap Initial Capacity: 128M
 Heap Max Capacity: 2026M
 Pre-touch: Disabled
 Parallel Workers: 8
 Concurrent Workers: 2
 Concurrent Refinement Workers: 8
 Periodic GC: Disabled
Heap:
 garbage-first heap   total 86016K, used 65935K [0x0000000081600000, 0x0000000100000000)
  region size 1024K, 41 young (41984K), 4 survivors (4096K)
 Metaspace       used 58552K, committed 59008K, reserved 1114112K
  class space    used 7790K, committed 8000K, reserved 1048576K
GC Heap History (20 events):
Event: 3.286 GC heap after
{Heap after GC invocations=14 (full 0):
 garbage-first heap   total 71680K, used 21544K [0x0000000081600000, 0x0000000100000000)
  region size 1024K, 2 young (2048K), 2 survivors (2048K)
 Metaspace       used 45346K, committed 45824K, reserved 1114112K
  class space    used 6092K, committed 6336K, reserved 1048576K
}
Event: 3.513 GC heap before
{Heap before GC invocations=14 (full 0):
 garbage-first heap   total 71680K, used 57384K [0x0000000081600000, 0x0000000100000000)
  region size 1024K, 37 young (37888K), 2 survivors (2048K)
 Metaspace       used 49619K, committed 50048K, reserved 1114112K
  class space    used 6634K, committed 6848K, reserved 1048576K
}
Event: 3.515 GC heap after
{Heap after GC invocations=15 (full 0):
 garbage-first heap   total 71680K, used 22644K [0x0000000081600000, 0x0000000100000000)
  region size 1024K, 3 young (3072K), 3 survivors (3072K)
 Metaspace       used 49619K, committed 50048K, reserved 1114112K
  class space    used 6634K, committed 6848K, reserved 1048576K
}
Event: 3.783 GC heap before
{Heap before GC invocations=15 (full 0):
 garbage-first heap   total 71680K, used 58484K [0x0000000081600000, 0x0000000100000000)
  region size 1024K, 38 young (38912K), 3 survivors (3072K)
 Metaspace       used 52027K, committed 52480K, reserved 1114112K
  class space    used 6980K, committed 7168K, reserved 1048576K
}
Event: 3.786 GC heap after
{Heap after GC invocations=16 (full 0):
 garbage-first heap   total 71680K, used 24953K [0x0000000081600000, 0x0000000100000000)
  region size 1024K, 5 young (5120K), 5 survivors (5120K)
 Metaspace       used 52027K, committed 52480K, reserved 1114112K
  class space    used 6980K, committed 7168K, reserved 1048576K
}
Event: 4.138 GC heap before
{Heap before GC invocations=16 (full 0):
 garbage-first heap   total 71680K, used 56697K [0x0000000081600000, 0x0000000100000000)
  region size 1024K, 37 young (37888K), 5 survivors (5120K)
 Metaspace       used 55195K, committed 55680K, reserved 1114112K
  class space    used 7340K, committed 7552K, reserved 1048576K
}
Event: 4.143 GC heap after
{Heap after GC invocations=17 (full 0):
 garbage-first heap   total 142336K, used 26247K [0x0000000081600000, 0x0000000100000000)
  region size 1024K, 4 young (4096K), 4 survivors (4096K)
 Metaspace       used 55195K, committed 55680K, reserved 1114112K
  class space    used 7340K, committed 7552K, reserved 1048576K
}
Event: 149.697 GC heap before
{Heap before GC invocations=17 (full 0):
 garbage-first heap   total 142336K, used 70279K [0x0000000081600000, 0x0000000100000000)
  region size 1024K, 48 young (49152K), 4 survivors (4096K)
 Metaspace       used 58120K, committed 58560K, reserved 1114112K
  class space    used 7733K, committed 7936K, reserved 1048576K
}
Event: 149.726 GC heap after
{Heap after GC invocations=18 (full 1):
 garbage-first heap   total 96256K, used 25141K [0x0000000081600000, 0x0000000100000000)
  region size 1024K, 0 young (0K), 0 survivors (0K)
 Metaspace       used 58120K, committed 58560K, reserved 1114112K
  class space    used 7733K, committed 7936K, reserved 1048576K
}
Event: 150.239 GC heap before
{Heap before GC invocations=18 (full 1):
 garbage-first heap   total 96256K, used 73269K [0x0000000081600000, 0x0000000100000000)
  region size 1024K, 48 young (49152K), 0 survivors (0K)
 Metaspace       used 58225K, committed 58752K, reserved 1114112K
  class space    used 7749K, committed 8000K, reserved 1048576K
}
Event: 150.242 GC heap after
{Heap after GC invocations=19 (full 1):
 garbage-first heap   total 96256K, used 28717K [0x0000000081600000, 0x0000000100000000)
  region size 1024K, 4 young (4096K), 4 survivors (4096K)
 Metaspace       used 58225K, committed 58752K, reserved 1114112K
  class space    used 7749K, committed 8000K, reserved 1048576K
}
Event: 151.775 GC heap before
{Heap before GC invocations=19 (full 1):
 garbage-first heap   total 96256K, used 51245K [0x0000000081600000, 0x0000000100000000)
  region size 1024K, 27 young (27648K), 4 survivors (4096K)
 Metaspace       used 58239K, committed 58752K, reserved 1114112K
  class space    used 7753K, committed 8000K, reserved 1048576K
}
Event: 151.806 GC heap after
{Heap after GC invocations=20 (full 2):
 garbage-first heap   total 86016K, used 22958K [0x0000000081600000, 0x0000000100000000)
  region size 1024K, 0 young (0K), 0 survivors (0K)
 Metaspace       used 58061K, committed 58752K, reserved 1114112K
  class space    used 7708K, committed 8000K, reserved 1048576K
}
Event: 152.274 GC heap before
{Heap before GC invocations=20 (full 2):
 garbage-first heap   total 86016K, used 65966K [0x0000000081600000, 0x0000000100000000)
  region size 1024K, 43 young (44032K), 0 survivors (0K)
 Metaspace       used 58167K, committed 58752K, reserved 1114112K
  class space    used 7724K, committed 8000K, reserved 1048576K
}
Event: 152.276 GC heap after
{Heap after GC invocations=21 (full 2):
 garbage-first heap   total 86016K, used 26030K [0x0000000081600000, 0x0000000100000000)
  region size 1024K, 3 young (3072K), 3 survivors (3072K)
 Metaspace       used 58167K, committed 58752K, reserved 1114112K
  class space    used 7724K, committed 8000K, reserved 1048576K
}
Event: 265.586 GC heap before
{Heap before GC invocations=21 (full 2):
 garbage-first heap   total 86016K, used 65966K [0x0000000081600000, 0x0000000100000000)
  region size 1024K, 43 young (44032K), 3 survivors (3072K)
 Metaspace       used 58348K, committed 58880K, reserved 1114112K
  class space    used 7753K, committed 8000K, reserved 1048576K
}
Event: 265.615 GC heap after
{Heap after GC invocations=22 (full 3):
 garbage-first heap   total 86016K, used 24832K [0x0000000081600000, 0x0000000100000000)
  region size 1024K, 0 young (0K), 0 survivors (0K)
 Metaspace       used 58346K, committed 58880K, reserved 1114112K
  class space    used 7752K, committed 8000K, reserved 1048576K
}
Event: 266.026 GC heap before
{Heap before GC invocations=22 (full 3):
 garbage-first heap   total 86016K, used 65792K [0x0000000081600000, 0x0000000100000000)
  region size 1024K, 41 young (41984K), 0 survivors (0K)
 Metaspace       used 58427K, committed 58944K, reserved 1114112K
  class space    used 7764K, committed 8000K, reserved 1048576K
}
Event: 266.028 GC heap after
{Heap after GC invocations=23 (full 3):
 garbage-first heap   total 86016K, used 28047K [0x0000000081600000, 0x0000000100000000)
  region size 1024K, 4 young (4096K), 4 survivors (4096K)
 Metaspace       used 58427K, committed 58944K, reserved 1114112K
  class space    used 7764K, committed 8000K, reserved 1048576K
}
Event: 3839.810 GC heap before
{Heap before GC invocations=23 (full 3):
 garbage-first heap   total 86016K, used 64911K [0x0000000081600000, 0x0000000100000000)
  region size 1024K, 41 young (41984K), 4 survivors (4096K)
 Metaspace       used 58552K, committed 59008K, reserved 1114112K
  class space    used 7790K, committed 8000K, reserved 1048576K
}

