# JRE version: OpenJDK Runtime Environment (18.0.1.1+2) (build 18.0.1.1+2-6)
# Java VM: OpenJDK 64-Bit Server VM (18.0.1.1+2-6, mixed mode, emulated-client, sharing, tiered, compressed oops, compressed class ptrs, g1 gc, windows-amd64)
GC Precious Log:
 CardTable entry size: 512
 Card Set container configuration: InlinePtr #cards 5 size 8 Array Of Cards #cards 12 size 40 Howl #buckets 4 coarsen threshold 1843 Howl Bitmap #cards 512 size 80 coarsen threshold 460 Card regions per heap region 1 cards per card region 2048
 CPUs: 8 total, 8 available
 Memory: 8099M
 Large Page Support: Disabled
 NUMA Support: Disabled
 Compressed Oops: Enabled (32-bit)
 Heap Region Size: 1M
 Heap Min Capacity: 8M
 Heap Initial Capacity: 128M
 Heap Max Capacity: 2026M
 Pre-touch: Disabled
 Parallel Workers: 8
 Concurrent Workers: 2
 Concurrent Refinement Workers: 8
 Periodic GC: Disabled
Heap:
 garbage-first heap   total 86016K, used 64951K [0x0000000081600000, 0x0000000100000000)
  region size 1024K, 38 young (38912K), 2 survivors (2048K)
 Metaspace       used 59727K, committed 60224K, reserved 1114112K
  class space    used 7955K, committed 8192K, reserved 1048576K
GC Heap History (20 events):
Event: 147.509 GC heap after
{Heap after GC invocations=17 (full 1):
 garbage-first heap   total 89088K, used 25134K [0x0000000081600000, 0x0000000100000000)
  region size 1024K, 0 young (0K), 0 survivors (0K)
 Metaspace       used 59403K, committed 59840K, reserved 1114112K
  class space    used 7915K, committed 8128K, reserved 1048576K
}
Event: 148.025 GC heap before
{Heap before GC invocations=17 (full 1):
 garbage-first heap   total 89088K, used 71214K [0x0000000081600000, 0x0000000100000000)
  region size 1024K, 46 young (47104K), 0 survivors (0K)
 Metaspace       used 59510K, committed 59968K, reserved 1114112K
  class space    used 7932K, committed 8128K, reserved 1048576K
}
Event: 148.028 GC heap after
{Heap after GC invocations=18 (full 1):
 garbage-first heap   total 89088K, used 28429K [0x0000000081600000, 0x0000000100000000)
  region size 1024K, 4 young (4096K), 4 survivors (4096K)
 Metaspace       used 59510K, committed 59968K, reserved 1114112K
  class space    used 7932K, committed 8128K, reserved 1048576K
}
Event: 192.610 GC heap before
{Heap before GC invocations=18 (full 1):
 garbage-first heap   total 89088K, used 56077K [0x0000000081600000, 0x0000000100000000)
  region size 1024K, 32 young (32768K), 4 survivors (4096K)
 Metaspace       used 59527K, committed 60032K, reserved 1114112K
  class space    used 7936K, committed 8192K, reserved 1048576K
}
Event: 192.641 GC heap after
{Heap after GC invocations=19 (full 2):
 garbage-first heap   total 86016K, used 22984K [0x0000000081600000, 0x0000000100000000)
  region size 1024K, 0 young (0K), 0 survivors (0K)
 Metaspace       used 59329K, committed 60032K, reserved 1114112K
  class space    used 7887K, committed 8192K, reserved 1048576K
}
Event: 193.103 GC heap before
{Heap before GC invocations=19 (full 2):
 garbage-first heap   total 86016K, used 65992K [0x0000000081600000, 0x0000000100000000)
  region size 1024K, 43 young (44032K), 0 survivors (0K)
 Metaspace       used 59425K, committed 60032K, reserved 1114112K
  class space    used 7902K, committed 8192K, reserved 1048576K
}
Event: 193.106 GC heap after
{Heap after GC invocations=20 (full 2):
 garbage-first heap   total 86016K, used 26138K [0x0000000081600000, 0x0000000100000000)
  region size 1024K, 4 young (4096K), 4 survivors (4096K)
 Metaspace       used 59425K, committed 60032K, reserved 1114112K
  class space    used 7902K, committed 8192K, reserved 1048576K
}
Event: 195.763 GC heap before
{Heap before GC invocations=20 (full 2):
 garbage-first heap   total 86016K, used 53786K [0x0000000081600000, 0x0000000100000000)
  region size 1024K, 32 young (32768K), 4 survivors (4096K)
 Metaspace       used 59455K, committed 60032K, reserved 1114112K
  class space    used 7908K, committed 8192K, reserved 1048576K
}
Event: 195.814 GC heap after
{Heap after GC invocations=21 (full 3):
 garbage-first heap   total 86016K, used 23193K [0x0000000081600000, 0x0000000100000000)
  region size 1024K, 0 young (0K), 0 survivors (0K)
 Metaspace       used 59452K, committed 60032K, reserved 1114112K
  class space    used 7907K, committed 8192K, reserved 1048576K
}
Event: 196.363 GC heap before
{Heap before GC invocations=21 (full 3):
 garbage-first heap   total 86016K, used 66201K [0x0000000081600000, 0x0000000100000000)
  region size 1024K, 43 young (44032K), 0 survivors (0K)
 Metaspace       used 59538K, committed 60032K, reserved 1114112K
  class space    used 7920K, committed 8192K, reserved 1048576K
}
Event: 196.366 GC heap after
{Heap after GC invocations=22 (full 3):
 garbage-first heap   total 86016K, used 26126K [0x0000000081600000, 0x0000000100000000)
  region size 1024K, 3 young (3072K), 3 survivors (3072K)
 Metaspace       used 59538K, committed 60032K, reserved 1114112K
  class space    used 7920K, committed 8192K, reserved 1048576K
}
Event: 288.008 GC heap before
{Heap before GC invocations=22 (full 3):
 garbage-first heap   total 86016K, used 57870K [0x0000000081600000, 0x0000000100000000)
  region size 1024K, 36 young (36864K), 3 survivors (3072K)
 Metaspace       used 59570K, committed 60032K, reserved 1114112K
  class space    used 7925K, committed 8192K, reserved 1048576K
}
Event: 288.050 GC heap after
{Heap after GC invocations=23 (full 4):
 garbage-first heap   total 86016K, used 23305K [0x0000000081600000, 0x0000000100000000)
  region size 1024K, 0 young (0K), 0 survivors (0K)
 Metaspace       used 59567K, committed 60032K, reserved 1114112K
  class space    used 7924K, committed 8192K, reserved 1048576K
}
Event: 288.613 GC heap before
{Heap before GC invocations=23 (full 4):
 garbage-first heap   total 86016K, used 65289K [0x0000000081600000, 0x0000000100000000)
  region size 1024K, 42 young (43008K), 0 survivors (0K)
 Metaspace       used 59656K, committed 60096K, reserved 1114112K
  class space    used 7938K, committed 8192K, reserved 1048576K
}
Event: 288.615 GC heap after
{Heap after GC invocations=24 (full 4):
 garbage-first heap   total 86016K, used 26377K [0x0000000081600000, 0x0000000100000000)
  region size 1024K, 3 young (3072K), 3 survivors (3072K)
 Metaspace       used 59656K, committed 60096K, reserved 1114112K
  class space    used 7938K, committed 8192K, reserved 1048576K
}
Event: 349.579 GC heap before
{Heap before GC invocations=24 (full 4):
 garbage-first heap   total 86016K, used 63241K [0x0000000081600000, 0x0000000100000000)
  region size 1024K, 40 young (40960K), 3 survivors (3072K)
 Metaspace       used 59781K, committed 60224K, reserved 1114112K
  class space    used 7953K, committed 8192K, reserved 1048576K
}
Event: 349.606 GC heap after
{Heap after GC invocations=25 (full 5):
 garbage-first heap   total 86016K, used 24875K [0x0000000081600000, 0x0000000100000000)
  region size 1024K, 0 young (0K), 0 survivors (0K)
 Metaspace       used 59564K, committed 60224K, reserved 1114112K
  class space    used 7920K, committed 8192K, reserved 1048576K
}
Event: 349.987 GC heap before
{Heap before GC invocations=25 (full 5):
 garbage-first heap   total 86016K, used 64811K [0x0000000081600000, 0x0000000100000000)
  region size 1024K, 40 young (40960K), 0 survivors (0K)
 Metaspace       used 59638K, committed 60224K, reserved 1114112K
  class space    used 7932K, committed 8192K, reserved 1048576K
}
Event: 349.989 GC heap after
{Heap after GC invocations=26 (full 5):
 garbage-first heap   total 86016K, used 28087K [0x0000000081600000, 0x0000000100000000)
  region size 1024K, 4 young (4096K), 4 survivors (4096K)
 Metaspace       used 59638K, committed 60224K, reserved 1114112K
  class space    used 7932K, committed 8192K, reserved 1048576K
}
Event: 3906.813 GC heap before
{Heap before GC invocations=26 (full 5):
 garbage-first heap   total 86016K, used 63927K [0x0000000081600000, 0x0000000100000000)
  region size 1024K, 40 young (40960K), 4 survivors (4096K)
 Metaspace       used 59727K, committed 60224K, reserved 1114112K
  class space    used 7955K, committed 8192K, reserved 1048576K
}

