# JRE version: OpenJDK Runtime Environment (18.0.1.1+2) (build 18.0.1.1+2-6)
# Java VM: OpenJDK 64-Bit Server VM (18.0.1.1+2-6, mixed mode, emulated-client, sharing, tiered, compressed oops, compressed class ptrs, g1 gc, windows-amd64)
GC Precious Log:
 CardTable entry size: 512
 Card Set container configuration: InlinePtr #cards 5 size 8 Array Of Cards #cards 12 size 40 Howl #buckets 4 coarsen threshold 1843 Howl Bitmap #cards 512 size 80 coarsen threshold 460 Card regions per heap region 1 cards per card region 2048
 CPUs: 8 total, 8 available
 Memory: 8099M
 Large Page Support: Disabled
 NUMA Support: Disabled
 Compressed Oops: Enabled (32-bit)
 Heap Region Size: 1M
 Heap Min Capacity: 8M
 Heap Initial Capacity: 128M
 Heap Max Capacity: 2026M
 Pre-touch: Disabled
 Parallel Workers: 8
 Concurrent Workers: 2
 Concurrent Refinement Workers: 8
 Periodic GC: Disabled
Heap:
 garbage-first heap   total 81920K, used 47932K [0x0000000081600000, 0x0000000100000000)
  region size 1024K, 25 young (25600K), 3 survivors (3072K)
 Metaspace       used 60716K, committed 61440K, reserved 1114112K
  class space    used 8104K, committed 8448K, reserved 1048576K
GC Heap History (20 events):
Event: 271.530 GC heap before
{Heap before GC invocations=42 (full 11):
 garbage-first heap   total 81920K, used 32466K [0x0000000081600000, 0x0000000100000000)
  region size 1024K, 6 young (6144K), 2 survivors (2048K)
 Metaspace       used 60421K, committed 61376K, reserved 1114112K
  class space    used 8052K, committed 8384K, reserved 1048576K
}
Event: 271.562 GC heap after
{Heap after GC invocations=43 (full 12):
 garbage-first heap   total 81920K, used 24131K [0x0000000081600000, 0x0000000100000000)
  region size 1024K, 0 young (0K), 0 survivors (0K)
 Metaspace       used 60239K, committed 61376K, reserved 1114112K
  class space    used 8031K, committed 8384K, reserved 1048576K
}
Event: 271.916 GC heap before
{Heap before GC invocations=43 (full 12):
 garbage-first heap   total 81920K, used 60995K [0x0000000081600000, 0x0000000100000000)
  region size 1024K, 37 young (37888K), 0 survivors (0K)
 Metaspace       used 60328K, committed 61376K, reserved 1114112K
  class space    used 8046K, committed 8384K, reserved 1048576K
}
Event: 271.918 GC heap after
{Heap after GC invocations=44 (full 12):
 garbage-first heap   total 81920K, used 26943K [0x0000000081600000, 0x0000000100000000)
  region size 1024K, 3 young (3072K), 3 survivors (3072K)
 Metaspace       used 60328K, committed 61376K, reserved 1114112K
  class space    used 8046K, committed 8384K, reserved 1048576K
}
Event: 272.104 GC heap before
{Heap before GC invocations=44 (full 12):
 garbage-first heap   total 81920K, used 61759K [0x0000000081600000, 0x0000000100000000)
  region size 1024K, 37 young (37888K), 3 survivors (3072K)
 Metaspace       used 60363K, committed 61376K, reserved 1114112K
  class space    used 8051K, committed 8384K, reserved 1048576K
}
Event: 272.106 GC heap after
{Heap after GC invocations=45 (full 12):
 garbage-first heap   total 81920K, used 28099K [0x0000000081600000, 0x0000000100000000)
  region size 1024K, 2 young (2048K), 2 survivors (2048K)
 Metaspace       used 60363K, committed 61376K, reserved 1114112K
  class space    used 8051K, committed 8384K, reserved 1048576K
}
Event: 274.503 GC heap before
{Heap before GC invocations=45 (full 12):
 garbage-first heap   total 81920K, used 30147K [0x0000000081600000, 0x0000000100000000)
  region size 1024K, 5 young (5120K), 2 survivors (2048K)
 Metaspace       used 60368K, committed 61376K, reserved 1114112K
  class space    used 8052K, committed 8384K, reserved 1048576K
}
Event: 274.534 GC heap after
{Heap after GC invocations=46 (full 13):
 garbage-first heap   total 81920K, used 24260K [0x0000000081600000, 0x0000000100000000)
  region size 1024K, 0 young (0K), 0 survivors (0K)
 Metaspace       used 60365K, committed 61376K, reserved 1114112K
  class space    used 8051K, committed 8384K, reserved 1048576K
}
Event: 274.888 GC heap before
{Heap before GC invocations=46 (full 13):
 garbage-first heap   total 81920K, used 61124K [0x0000000081600000, 0x0000000100000000)
  region size 1024K, 37 young (37888K), 0 survivors (0K)
 Metaspace       used 60440K, committed 61376K, reserved 1114112K
  class space    used 8062K, committed 8384K, reserved 1048576K
}
Event: 274.890 GC heap after
{Heap after GC invocations=47 (full 13):
 garbage-first heap   total 81920K, used 27124K [0x0000000081600000, 0x0000000100000000)
  region size 1024K, 3 young (3072K), 3 survivors (3072K)
 Metaspace       used 60440K, committed 61376K, reserved 1114112K
  class space    used 8062K, committed 8384K, reserved 1048576K
}
Event: 278.543 GC heap before
{Heap before GC invocations=47 (full 13):
 garbage-first heap   total 81920K, used 61940K [0x0000000081600000, 0x0000000100000000)
  region size 1024K, 38 young (38912K), 3 survivors (3072K)
 Metaspace       used 60478K, committed 61376K, reserved 1114112K
  class space    used 8068K, committed 8384K, reserved 1048576K
}
Event: 278.546 GC heap after
{Heap after GC invocations=48 (full 13):
 garbage-first heap   total 81920K, used 28015K [0x0000000081600000, 0x0000000100000000)
  region size 1024K, 2 young (2048K), 2 survivors (2048K)
 Metaspace       used 60478K, committed 61376K, reserved 1114112K
  class space    used 8068K, committed 8384K, reserved 1048576K
}
Event: 278.551 GC heap before
{Heap before GC invocations=48 (full 13):
 garbage-first heap   total 81920K, used 28015K [0x0000000081600000, 0x0000000100000000)
  region size 1024K, 3 young (3072K), 2 survivors (2048K)
 Metaspace       used 60478K, committed 61376K, reserved 1114112K
  class space    used 8068K, committed 8384K, reserved 1048576K
}
Event: 278.587 GC heap after
{Heap after GC invocations=49 (full 14):
 garbage-first heap   total 81920K, used 24410K [0x0000000081600000, 0x0000000100000000)
  region size 1024K, 0 young (0K), 0 survivors (0K)
 Metaspace       used 60476K, committed 61376K, reserved 1114112K
  class space    used 8067K, committed 8384K, reserved 1048576K
}
Event: 278.996 GC heap before
{Heap before GC invocations=49 (full 14):
 garbage-first heap   total 81920K, used 62298K [0x0000000081600000, 0x0000000100000000)
  region size 1024K, 38 young (38912K), 0 survivors (0K)
 Metaspace       used 60558K, committed 61376K, reserved 1114112K
  class space    used 8080K, committed 8384K, reserved 1048576K
}
Event: 278.998 GC heap after
{Heap after GC invocations=50 (full 14):
 garbage-first heap   total 81920K, used 27308K [0x0000000081600000, 0x0000000100000000)
  region size 1024K, 3 young (3072K), 3 survivors (3072K)
 Metaspace       used 60558K, committed 61376K, reserved 1114112K
  class space    used 8080K, committed 8384K, reserved 1048576K
}
Event: 281.590 GC heap before
{Heap before GC invocations=50 (full 14):
 garbage-first heap   total 81920K, used 61100K [0x0000000081600000, 0x0000000100000000)
  region size 1024K, 38 young (38912K), 3 survivors (3072K)
 Metaspace       used 60608K, committed 61376K, reserved 1114112K
  class space    used 8089K, committed 8384K, reserved 1048576K
}
Event: 281.622 GC heap after
{Heap after GC invocations=51 (full 15):
 garbage-first heap   total 81920K, used 24529K [0x0000000081600000, 0x0000000100000000)
  region size 1024K, 0 young (0K), 0 survivors (0K)
 Metaspace       used 60605K, committed 61376K, reserved 1114112K
  class space    used 8089K, committed 8384K, reserved 1048576K
}
Event: 282.034 GC heap before
{Heap before GC invocations=51 (full 15):
 garbage-first heap   total 81920K, used 61393K [0x0000000081600000, 0x0000000100000000)
  region size 1024K, 37 young (37888K), 0 survivors (0K)
 Metaspace       used 60672K, committed 61440K, reserved 1114112K
  class space    used 8099K, committed 8448K, reserved 1048576K
}
Event: 282.036 GC heap after
{Heap after GC invocations=52 (full 15):
 garbage-first heap   total 81920K, used 27452K [0x0000000081600000, 0x0000000100000000)
  region size 1024K, 3 young (3072K), 3 survivors (3072K)
 Metaspace       used 60672K, committed 61440K, reserved 1114112K
  class space    used 8099K, committed 8448K, reserved 1048576K
}

