# JRE version: OpenJDK Runtime Environment (18.0.1.1+2) (build 18.0.1.1+2-6)
# Java VM: OpenJDK 64-Bit Server VM (18.0.1.1+2-6, mixed mode, emulated-client, sharing, tiered, compressed oops, compressed class ptrs, g1 gc, windows-amd64)
GC Precious Log:
 CardTable entry size: 512
 Card Set container configuration: InlinePtr #cards 5 size 8 Array Of Cards #cards 12 size 40 Howl #buckets 4 coarsen threshold 1843 Howl Bitmap #cards 512 size 80 coarsen threshold 460 Card regions per heap region 1 cards per card region 2048
 CPUs: 8 total, 8 available
 Memory: 8099M
 Large Page Support: Disabled
 NUMA Support: Disabled
 Compressed Oops: Enabled (32-bit)
 Heap Region Size: 1M
 Heap Min Capacity: 8M
 Heap Initial Capacity: 128M
 Heap Max Capacity: 2026M
 Pre-touch: Disabled
 Parallel Workers: 8
 Concurrent Workers: 2
 Concurrent Refinement Workers: 8
 Periodic GC: Disabled
Heap:
 garbage-first heap   total 81920K, used 50005K [0x0000000081600000, 0x0000000100000000)
  region size 1024K, 27 young (27648K), 3 survivors (3072K)
 Metaspace       used 58687K, committed 59712K, reserved 1114112K
  class space    used 7818K, committed 8128K, reserved 1048576K
GC Heap History (20 events):
Event: 334.313 GC heap before
{Heap before GC invocations=63 (full 24):
 garbage-first heap   total 81920K, used 61250K [0x0000000081600000, 0x0000000100000000)
  region size 1024K, 37 young (37888K), 0 survivors (0K)
 Metaspace       used 58642K, committed 59712K, reserved 1114112K
  class space    used 7803K, committed 8128K, reserved 1048576K
}
Event: 334.315 GC heap after
{Heap after GC invocations=64 (full 24):
 garbage-first heap   total 81920K, used 26239K [0x0000000081600000, 0x0000000100000000)
  region size 1024K, 3 young (3072K), 3 survivors (3072K)
 Metaspace       used 58642K, committed 59712K, reserved 1114112K
  class space    used 7803K, committed 8128K, reserved 1048576K
}
Event: 337.934 GC heap before
{Heap before GC invocations=64 (full 24):
 garbage-first heap   total 81920K, used 56959K [0x0000000081600000, 0x0000000100000000)
  region size 1024K, 34 young (34816K), 3 survivors (3072K)
 Metaspace       used 58672K, committed 59712K, reserved 1114112K
  class space    used 7806K, committed 8128K, reserved 1048576K
}
Event: 337.963 GC heap after
{Heap after GC invocations=65 (full 25):
 garbage-first heap   total 81920K, used 23428K [0x0000000081600000, 0x0000000100000000)
  region size 1024K, 0 young (0K), 0 survivors (0K)
 Metaspace       used 58669K, committed 59712K, reserved 1114112K
  class space    used 7805K, committed 8128K, reserved 1048576K
}
Event: 338.423 GC heap before
{Heap before GC invocations=65 (full 25):
 garbage-first heap   total 81920K, used 61316K [0x0000000081600000, 0x0000000100000000)
  region size 1024K, 38 young (38912K), 0 survivors (0K)
 Metaspace       used 58747K, committed 59712K, reserved 1114112K
  class space    used 7817K, committed 8128K, reserved 1048576K
}
Event: 338.425 GC heap after
{Heap after GC invocations=66 (full 25):
 garbage-first heap   total 81920K, used 26408K [0x0000000081600000, 0x0000000100000000)
  region size 1024K, 3 young (3072K), 3 survivors (3072K)
 Metaspace       used 58747K, committed 59712K, reserved 1114112K
  class space    used 7817K, committed 8128K, reserved 1048576K
}
Event: 398.409 GC heap before
{Heap before GC invocations=66 (full 25):
 garbage-first heap   total 81920K, used 58152K [0x0000000081600000, 0x0000000100000000)
  region size 1024K, 36 young (36864K), 3 survivors (3072K)
 Metaspace       used 58780K, committed 59712K, reserved 1114112K
  class space    used 7821K, committed 8128K, reserved 1048576K
}
Event: 398.438 GC heap after
{Heap after GC invocations=67 (full 26):
 garbage-first heap   total 81920K, used 23536K [0x0000000081600000, 0x0000000100000000)
  region size 1024K, 0 young (0K), 0 survivors (0K)
 Metaspace       used 58777K, committed 59712K, reserved 1114112K
  class space    used 7821K, committed 8128K, reserved 1048576K
}
Event: 398.764 GC heap before
{Heap before GC invocations=67 (full 26):
 garbage-first heap   total 81920K, used 60400K [0x0000000081600000, 0x0000000100000000)
  region size 1024K, 37 young (37888K), 0 survivors (0K)
 Metaspace       used 58849K, committed 59712K, reserved 1114112K
  class space    used 7831K, committed 8128K, reserved 1048576K
}
Event: 398.766 GC heap after
{Heap after GC invocations=68 (full 26):
 garbage-first heap   total 81920K, used 26538K [0x0000000081600000, 0x0000000100000000)
  region size 1024K, 3 young (3072K), 3 survivors (3072K)
 Metaspace       used 58849K, committed 59712K, reserved 1114112K
  class space    used 7831K, committed 8128K, reserved 1048576K
}
Event: 400.352 GC heap before
{Heap before GC invocations=68 (full 26):
 garbage-first heap   total 81920K, used 56234K [0x0000000081600000, 0x0000000100000000)
  region size 1024K, 34 young (34816K), 3 survivors (3072K)
 Metaspace       used 58871K, committed 59712K, reserved 1114112K
  class space    used 7833K, committed 8128K, reserved 1048576K
}
Event: 400.383 GC heap after
{Heap after GC invocations=69 (full 27):
 garbage-first heap   total 81920K, used 23123K [0x0000000081600000, 0x0000000100000000)
  region size 1024K, 0 young (0K), 0 survivors (0K)
 Metaspace       used 58396K, committed 59712K, reserved 1114112K
  class space    used 7771K, committed 8128K, reserved 1048576K
}
Event: 400.720 GC heap before
{Heap before GC invocations=69 (full 27):
 garbage-first heap   total 81920K, used 62035K [0x0000000081600000, 0x0000000100000000)
  region size 1024K, 38 young (38912K), 0 survivors (0K)
 Metaspace       used 58468K, committed 59712K, reserved 1114112K
  class space    used 7781K, committed 8128K, reserved 1048576K
}
Event: 400.723 GC heap after
{Heap after GC invocations=70 (full 27):
 garbage-first heap   total 81920K, used 26262K [0x0000000081600000, 0x0000000100000000)
  region size 1024K, 4 young (4096K), 4 survivors (4096K)
 Metaspace       used 58468K, committed 59712K, reserved 1114112K
  class space    used 7781K, committed 8128K, reserved 1048576K
}
Event: 404.370 GC heap before
{Heap before GC invocations=70 (full 27):
 garbage-first heap   total 81920K, used 55958K [0x0000000081600000, 0x0000000100000000)
  region size 1024K, 34 young (34816K), 4 survivors (4096K)
 Metaspace       used 58493K, committed 59712K, reserved 1114112K
  class space    used 7785K, committed 8128K, reserved 1048576K
}
Event: 404.400 GC heap after
{Heap after GC invocations=71 (full 28):
 garbage-first heap   total 81920K, used 23145K [0x0000000081600000, 0x0000000100000000)
  region size 1024K, 0 young (0K), 0 survivors (0K)
 Metaspace       used 58397K, committed 59712K, reserved 1114112K
  class space    used 7771K, committed 8128K, reserved 1048576K
}
Event: 404.734 GC heap before
{Heap before GC invocations=71 (full 28):
 garbage-first heap   total 81920K, used 62057K [0x0000000081600000, 0x0000000100000000)
  region size 1024K, 39 young (39936K), 0 survivors (0K)
 Metaspace       used 58469K, committed 59712K, reserved 1114112K
  class space    used 7782K, committed 8128K, reserved 1048576K
}
Event: 404.737 GC heap after
{Heap after GC invocations=72 (full 28):
 garbage-first heap   total 81920K, used 26217K [0x0000000081600000, 0x0000000100000000)
  region size 1024K, 3 young (3072K), 3 survivors (3072K)
 Metaspace       used 58469K, committed 59712K, reserved 1114112K
  class space    used 7782K, committed 8128K, reserved 1048576K
}
Event: 543.588 GC heap before
{Heap before GC invocations=72 (full 28):
 garbage-first heap   total 81920K, used 64105K [0x0000000081600000, 0x0000000100000000)
  region size 1024K, 40 young (40960K), 3 survivors (3072K)
 Metaspace       used 58485K, committed 59712K, reserved 1114112K
  class space    used 7783K, committed 8128K, reserved 1048576K
}
Event: 543.591 GC heap after
{Heap after GC invocations=73 (full 28):
 garbage-first heap   total 81920K, used 27477K [0x0000000081600000, 0x0000000100000000)
  region size 1024K, 3 young (3072K), 3 survivors (3072K)
 Metaspace       used 58485K, committed 59712K, reserved 1114112K
  class space    used 7783K, committed 8128K, reserved 1048576K
}

