# JRE version: OpenJDK Runtime Environment (18.0.1.1+2) (build 18.0.1.1+2-6)
# Java VM: OpenJDK 64-Bit Server VM (18.0.1.1+2-6, mixed mode, emulated-client, sharing, tiered, compressed oops, compressed class ptrs, g1 gc, windows-amd64)
GC Precious Log:
 CardTable entry size: 512
 Card Set container configuration: InlinePtr #cards 5 size 8 Array Of Cards #cards 12 size 40 Howl #buckets 4 coarsen threshold 1843 Howl Bitmap #cards 512 size 80 coarsen threshold 460 Card regions per heap region 1 cards per card region 2048
 CPUs: 8 total, 8 available
 Memory: 8099M
 Large Page Support: Disabled
 NUMA Support: Disabled
 Compressed Oops: Enabled (32-bit)
 Heap Region Size: 1M
 Heap Min Capacity: 8M
 Heap Initial Capacity: 128M
 Heap Max Capacity: 2026M
 Pre-touch: Disabled
 Parallel Workers: 8
 Concurrent Workers: 2
 Concurrent Refinement Workers: 8
 Periodic GC: Disabled
Heap:
 garbage-first heap   total 78848K, used 60066K [0x0000000081600000, 0x0000000100000000)
  region size 1024K, 37 young (37888K), 4 survivors (4096K)
 Metaspace       used 59763K, committed 60352K, reserved 1114112K
  class space    used 7941K, committed 8192K, reserved 1048576K
GC Heap History (20 events):
Event: 2039.881 GC heap after
{Heap after GC invocations=25 (full 3):
 garbage-first heap   total 78848K, used 21044K [0x0000000081600000, 0x0000000100000000)
  region size 1024K, 0 young (0K), 0 survivors (0K)
 Metaspace       used 59362K, committed 60032K, reserved 1114112K
  class space    used 7863K, committed 8128K, reserved 1048576K
}
Event: 2040.252 GC heap before
{Heap before GC invocations=25 (full 3):
 garbage-first heap   total 78848K, used 59956K [0x0000000081600000, 0x0000000100000000)
  region size 1024K, 39 young (39936K), 0 survivors (0K)
 Metaspace       used 59534K, committed 60032K, reserved 1114112K
  class space    used 7905K, committed 8128K, reserved 1048576K
}
Event: 2040.255 GC heap after
{Heap after GC invocations=26 (full 3):
 garbage-first heap   total 78848K, used 24864K [0x0000000081600000, 0x0000000100000000)
  region size 1024K, 4 young (4096K), 4 survivors (4096K)
 Metaspace       used 59534K, committed 60032K, reserved 1114112K
  class space    used 7905K, committed 8128K, reserved 1048576K
}
Event: 2040.475 GC heap before
{Heap before GC invocations=26 (full 3):
 garbage-first heap   total 78848K, used 60704K [0x0000000081600000, 0x0000000100000000)
  region size 1024K, 39 young (39936K), 4 survivors (4096K)
 Metaspace       used 59644K, committed 60224K, reserved 1114112K
  class space    used 7923K, committed 8192K, reserved 1048576K
}
Event: 2040.479 GC heap after
{Heap after GC invocations=27 (full 3):
 garbage-first heap   total 78848K, used 27736K [0x0000000081600000, 0x0000000100000000)
  region size 1024K, 4 young (4096K), 4 survivors (4096K)
 Metaspace       used 59644K, committed 60224K, reserved 1114112K
  class space    used 7923K, committed 8192K, reserved 1048576K
}
Event: 2470.504 GC heap before
{Heap before GC invocations=27 (full 3):
 garbage-first heap   total 78848K, used 59480K [0x0000000081600000, 0x0000000100000000)
  region size 1024K, 35 young (35840K), 4 survivors (4096K)
 Metaspace       used 59711K, committed 60288K, reserved 1114112K
  class space    used 7927K, committed 8192K, reserved 1048576K
}
Event: 2470.507 GC heap after
{Heap after GC invocations=28 (full 3):
 garbage-first heap   total 78848K, used 29511K [0x0000000081600000, 0x0000000100000000)
  region size 1024K, 2 young (2048K), 2 survivors (2048K)
 Metaspace       used 59711K, committed 60288K, reserved 1114112K
  class space    used 7927K, committed 8192K, reserved 1048576K
}
Event: 2995.692 GC heap before
{Heap before GC invocations=28 (full 3):
 garbage-first heap   total 78848K, used 60231K [0x0000000081600000, 0x0000000100000000)
  region size 1024K, 32 young (32768K), 2 survivors (2048K)
 Metaspace       used 59711K, committed 60288K, reserved 1114112K
  class space    used 7927K, committed 8192K, reserved 1048576K
}
Event: 2995.694 GC heap after
{Heap after GC invocations=29 (full 3):
 garbage-first heap   total 78848K, used 29367K [0x0000000081600000, 0x0000000100000000)
  region size 1024K, 2 young (2048K), 2 survivors (2048K)
 Metaspace       used 59711K, committed 60288K, reserved 1114112K
  class space    used 7927K, committed 8192K, reserved 1048576K
}
Event: 3388.539 GC heap before
{Heap before GC invocations=29 (full 3):
 garbage-first heap   total 78848K, used 57015K [0x0000000081600000, 0x0000000100000000)
  region size 1024K, 30 young (30720K), 2 survivors (2048K)
 Metaspace       used 59716K, committed 60288K, reserved 1114112K
  class space    used 7928K, committed 8192K, reserved 1048576K
}
Event: 3388.568 GC heap after
{Heap after GC invocations=30 (full 4):
 garbage-first heap   total 78848K, used 22550K [0x0000000081600000, 0x0000000100000000)
  region size 1024K, 0 young (0K), 0 survivors (0K)
 Metaspace       used 59419K, committed 60288K, reserved 1114112K
  class space    used 7865K, committed 8192K, reserved 1048576K
}
Event: 3389.038 GC heap before
{Heap before GC invocations=30 (full 4):
 garbage-first heap   total 78848K, used 61462K [0x0000000081600000, 0x0000000100000000)
  region size 1024K, 38 young (38912K), 0 survivors (0K)
 Metaspace       used 59595K, committed 60288K, reserved 1114112K
  class space    used 7907K, committed 8192K, reserved 1048576K
}
Event: 3389.041 GC heap after
{Heap after GC invocations=31 (full 4):
 garbage-first heap   total 78848K, used 26387K [0x0000000081600000, 0x0000000100000000)
  region size 1024K, 4 young (4096K), 4 survivors (4096K)
 Metaspace       used 59595K, committed 60288K, reserved 1114112K
  class space    used 7907K, committed 8192K, reserved 1048576K
}
Event: 3389.334 GC heap before
{Heap before GC invocations=31 (full 4):
 garbage-first heap   total 78848K, used 60179K [0x0000000081600000, 0x0000000100000000)
  region size 1024K, 38 young (38912K), 4 survivors (4096K)
 Metaspace       used 59701K, committed 60288K, reserved 1114112K
  class space    used 7925K, committed 8192K, reserved 1048576K
}
Event: 3389.338 GC heap after
{Heap after GC invocations=32 (full 4):
 garbage-first heap   total 78848K, used 29679K [0x0000000081600000, 0x0000000100000000)
  region size 1024K, 4 young (4096K), 4 survivors (4096K)
 Metaspace       used 59701K, committed 60288K, reserved 1114112K
  class space    used 7925K, committed 8192K, reserved 1048576K
}
Event: 3404.084 GC heap before
{Heap before GC invocations=32 (full 4):
 garbage-first heap   total 78848K, used 32751K [0x0000000081600000, 0x0000000100000000)
  region size 1024K, 8 young (8192K), 4 survivors (4096K)
 Metaspace       used 59704K, committed 60288K, reserved 1114112K
  class space    used 7925K, committed 8192K, reserved 1048576K
}
Event: 3404.112 GC heap after
{Heap after GC invocations=33 (full 5):
 garbage-first heap   total 78848K, used 23436K [0x0000000081600000, 0x0000000100000000)
  region size 1024K, 0 young (0K), 0 survivors (0K)
 Metaspace       used 59532K, committed 60288K, reserved 1114112K
  class space    used 7894K, committed 8192K, reserved 1048576K
}
Event: 3404.429 GC heap before
{Heap before GC invocations=33 (full 5):
 garbage-first heap   total 78848K, used 59276K [0x0000000081600000, 0x0000000100000000)
  region size 1024K, 35 young (35840K), 0 survivors (0K)
 Metaspace       used 59577K, committed 60288K, reserved 1114112K
  class space    used 7903K, committed 8192K, reserved 1048576K
}
Event: 3404.431 GC heap after
{Heap after GC invocations=34 (full 5):
 garbage-first heap   total 78848K, used 26274K [0x0000000081600000, 0x0000000100000000)
  region size 1024K, 3 young (3072K), 3 survivors (3072K)
 Metaspace       used 59577K, committed 60288K, reserved 1114112K
  class space    used 7903K, committed 8192K, reserved 1048576K
}
Event: 5188.887 GC heap before
{Heap before GC invocations=34 (full 5):
 garbage-first heap   total 78848K, used 60066K [0x0000000081600000, 0x0000000100000000)
  region size 1024K, 36 young (36864K), 3 survivors (3072K)
 Metaspace       used 59763K, committed 60352K, reserved 1114112K
  class space    used 7941K, committed 8192K, reserved 1048576K
}

