# JRE version: OpenJDK Runtime Environment (18.0.1.1+2) (build 18.0.1.1+2-6)
# Java VM: OpenJDK 64-Bit Server VM (18.0.1.1+2-6, mixed mode, emulated-client, sharing, tiered, compressed oops, compressed class ptrs, g1 gc, windows-amd64)
GC Precious Log:
 CardTable entry size: 512
 Card Set container configuration: InlinePtr #cards 5 size 8 Array Of Cards #cards 12 size 40 Howl #buckets 4 coarsen threshold 1843 Howl Bitmap #cards 512 size 80 coarsen threshold 460 Card regions per heap region 1 cards per card region 2048
 CPUs: 8 total, 8 available
 Memory: 8099M
 Large Page Support: Disabled
 NUMA Support: Disabled
 Compressed Oops: Enabled (32-bit)
 Heap Region Size: 1M
 Heap Min Capacity: 8M
 Heap Initial Capacity: 128M
 Heap Max Capacity: 2026M
 Pre-touch: Disabled
 Parallel Workers: 8
 Concurrent Workers: 2
 Concurrent Refinement Workers: 8
 Periodic GC: Disabled
Heap:
 garbage-first heap   total 92160K, used 40837K [0x0000000081600000, 0x0000000100000000)
  region size 1024K, 18 young (18432K), 4 survivors (4096K)
 Metaspace       used 61321K, committed 62016K, reserved 1114112K
  class space    used 8193K, committed 8512K, reserved 1048576K
GC Heap History (20 events):
Event: 611.658 GC heap before
{Heap before GC invocations=56 (full 4):
 garbage-first heap   total 103424K, used 48766K [0x0000000081600000, 0x0000000100000000)
  region size 1024K, 23 young (23552K), 1 survivors (1024K)
 Metaspace       used 60753K, committed 61376K, reserved 1114112K
  class space    used 8114K, committed 8384K, reserved 1048576K
}
Event: 611.696 GC heap after
{Heap after GC invocations=57 (full 5):
 garbage-first heap   total 92160K, used 23947K [0x0000000081600000, 0x0000000100000000)
  region size 1024K, 0 young (0K), 0 survivors (0K)
 Metaspace       used 60750K, committed 61376K, reserved 1114112K
  class space    used 8114K, committed 8384K, reserved 1048576K
}
Event: 612.273 GC heap before
{Heap before GC invocations=57 (full 5):
 garbage-first heap   total 92160K, used 66955K [0x0000000081600000, 0x0000000100000000)
  region size 1024K, 42 young (43008K), 0 survivors (0K)
 Metaspace       used 60830K, committed 61440K, reserved 1114112K
  class space    used 8127K, committed 8384K, reserved 1048576K
}
Event: 612.276 GC heap after
{Heap after GC invocations=58 (full 5):
 garbage-first heap   total 92160K, used 27160K [0x0000000081600000, 0x0000000100000000)
  region size 1024K, 4 young (4096K), 4 survivors (4096K)
 Metaspace       used 60830K, committed 61440K, reserved 1114112K
  class space    used 8127K, committed 8384K, reserved 1048576K
}
Event: 620.007 GC heap before
{Heap before GC invocations=58 (full 5):
 garbage-first heap   total 92160K, used 55832K [0x0000000081600000, 0x0000000100000000)
  region size 1024K, 34 young (34816K), 4 survivors (4096K)
 Metaspace       used 60870K, committed 61504K, reserved 1114112K
  class space    used 8131K, committed 8448K, reserved 1048576K
}
Event: 620.036 GC heap after
{Heap after GC invocations=59 (full 6):
 garbage-first heap   total 89088K, used 24238K [0x0000000081600000, 0x0000000100000000)
  region size 1024K, 0 young (0K), 0 survivors (0K)
 Metaspace       used 60867K, committed 61504K, reserved 1114112K
  class space    used 8131K, committed 8448K, reserved 1048576K
}
Event: 620.474 GC heap before
{Heap before GC invocations=59 (full 6):
 garbage-first heap   total 89088K, used 65198K [0x0000000081600000, 0x0000000100000000)
  region size 1024K, 41 young (41984K), 0 survivors (0K)
 Metaspace       used 60949K, committed 61568K, reserved 1114112K
  class space    used 8143K, committed 8448K, reserved 1048576K
}
Event: 620.477 GC heap after
{Heap after GC invocations=60 (full 6):
 garbage-first heap   total 89088K, used 27310K [0x0000000081600000, 0x0000000100000000)
  region size 1024K, 3 young (3072K), 3 survivors (3072K)
 Metaspace       used 60949K, committed 61568K, reserved 1114112K
  class space    used 8143K, committed 8448K, reserved 1048576K
}
Event: 622.070 GC heap before
{Heap before GC invocations=61 (full 6):
 garbage-first heap   total 89088K, used 54958K [0x0000000081600000, 0x0000000100000000)
  region size 1024K, 32 young (32768K), 3 survivors (3072K)
 Metaspace       used 60980K, committed 61632K, reserved 1114112K
  class space    used 8147K, committed 8448K, reserved 1048576K
}
Event: 622.096 GC heap after
{Heap after GC invocations=62 (full 7):
 garbage-first heap   total 89088K, used 24165K [0x0000000081600000, 0x0000000100000000)
  region size 1024K, 0 young (0K), 0 survivors (0K)
 Metaspace       used 60977K, committed 61632K, reserved 1114112K
  class space    used 8146K, committed 8448K, reserved 1048576K
}
Event: 622.466 GC heap before
{Heap before GC invocations=62 (full 7):
 garbage-first heap   total 89088K, used 64101K [0x0000000081600000, 0x0000000100000000)
  region size 1024K, 40 young (40960K), 0 survivors (0K)
 Metaspace       used 61055K, committed 61760K, reserved 1114112K
  class space    used 8159K, committed 8512K, reserved 1048576K
}
Event: 622.469 GC heap after
{Heap after GC invocations=63 (full 7):
 garbage-first heap   total 89088K, used 27237K [0x0000000081600000, 0x0000000100000000)
  region size 1024K, 3 young (3072K), 3 survivors (3072K)
 Metaspace       used 61055K, committed 61760K, reserved 1114112K
  class space    used 8159K, committed 8512K, reserved 1048576K
}
Event: 625.058 GC heap before
{Heap before GC invocations=64 (full 7):
 garbage-first heap   total 89088K, used 55909K [0x0000000081600000, 0x0000000100000000)
  region size 1024K, 33 young (33792K), 3 survivors (3072K)
 Metaspace       used 61093K, committed 61760K, reserved 1114112K
  class space    used 8162K, committed 8512K, reserved 1048576K
}
Event: 625.097 GC heap after
{Heap after GC invocations=65 (full 8):
 garbage-first heap   total 89088K, used 24273K [0x0000000081600000, 0x0000000100000000)
  region size 1024K, 0 young (0K), 0 survivors (0K)
 Metaspace       used 61090K, committed 61760K, reserved 1114112K
  class space    used 8162K, committed 8512K, reserved 1048576K
}
Event: 625.472 GC heap before
{Heap before GC invocations=65 (full 8):
 garbage-first heap   total 89088K, used 65233K [0x0000000081600000, 0x0000000100000000)
  region size 1024K, 41 young (41984K), 0 survivors (0K)
 Metaspace       used 61181K, committed 61888K, reserved 1114112K
  class space    used 8176K, committed 8512K, reserved 1048576K
}
Event: 625.474 GC heap after
{Heap after GC invocations=66 (full 8):
 garbage-first heap   total 107520K, used 27483K [0x0000000081600000, 0x0000000100000000)
  region size 1024K, 4 young (4096K), 4 survivors (4096K)
 Metaspace       used 61181K, committed 61888K, reserved 1114112K
  class space    used 8176K, committed 8512K, reserved 1048576K
}
Event: 634.198 GC heap before
{Heap before GC invocations=67 (full 8):
 garbage-first heap   total 107520K, used 57179K [0x0000000081600000, 0x0000000100000000)
  region size 1024K, 34 young (34816K), 4 survivors (4096K)
 Metaspace       used 61212K, committed 61888K, reserved 1114112K
  class space    used 8180K, committed 8512K, reserved 1048576K
}
Event: 634.229 GC heap after
{Heap after GC invocations=68 (full 9):
 garbage-first heap   total 92160K, used 24383K [0x0000000081600000, 0x0000000100000000)
  region size 1024K, 0 young (0K), 0 survivors (0K)
 Metaspace       used 61209K, committed 61888K, reserved 1114112K
  class space    used 8179K, committed 8512K, reserved 1048576K
}
Event: 634.652 GC heap before
{Heap before GC invocations=68 (full 9):
 garbage-first heap   total 92160K, used 67391K [0x0000000081600000, 0x0000000100000000)
  region size 1024K, 43 young (44032K), 0 survivors (0K)
 Metaspace       used 61300K, committed 61952K, reserved 1114112K
  class space    used 8192K, committed 8512K, reserved 1048576K
}
Event: 634.654 GC heap after
{Heap after GC invocations=69 (full 9):
 garbage-first heap   total 92160K, used 27525K [0x0000000081600000, 0x0000000100000000)
  region size 1024K, 4 young (4096K), 4 survivors (4096K)
 Metaspace       used 61300K, committed 61952K, reserved 1114112K
  class space    used 8192K, committed 8512K, reserved 1048576K
}

